# JRE version: Java(TM) SE Runtime Environment (8.0_231-b11) (build 1.8.0_231-b11)
# Java VM: Java HotSpot(TM) 64-Bit Server VM (25.231-b11 mixed mode windows-amd64 compressed oops)
Heap:
 PSYoungGen      total 69632K, used 53149K [0x00000000edc00000, 0x00000000f5300000, 0x0000000100000000)
  eden space 18432K, 38% used [0x00000000edc00000,0x00000000ee2db898,0x00000000eee00000)
  from space 51200K, 90% used [0x00000000f2100000,0x00000000f4e0bc48,0x00000000f5300000)
  to   space 46592K, 0% used [0x00000000eee00000,0x00000000eee00000,0x00000000f1b80000)
 ParOldGen       total 167424K, used 122501K [0x00000000c9400000, 0x00000000d3780000, 0x00000000edc00000)
  object space 167424K, 73% used [0x00000000c9400000,0x00000000d0ba15e8,0x00000000d3780000)
 Metaspace       used 12537K, capacity 12752K, committed 13056K, reserved 1060864K
  class space    used 1419K, capacity 1517K, committed 1536K, reserved 1048576K
GC Heap History (10 events):
Event: 157.972 GC heap before
{Heap before GC invocations=53 (full 5):
 PSYoungGen      total 56832K, used 46725K [0x00000000edc00000, 0x00000000f3800000, 0x0000000100000000)
  eden space 23040K, 100% used [0x00000000edc00000,0x00000000ef280000,0x00000000ef280000)
  from space 33792K, 70% used [0x00000000ef280000,0x00000000f09a17b0,0x00000000f1380000)
  to   space 34816K, 0% used [0x00000000f1600000,0x00000000f1600000,0x00000000f3800000)
 ParOldGen       total 167424K, used 122485K [0x00000000c9400000, 0x00000000d3780000, 0x00000000edc00000)
  object space 167424K, 73% used [0x00000000c9400000,0x00000000d0b9d5e8,0x00000000d3780000)
 Metaspace       used 12470K, capacity 12656K, committed 12800K, reserved 1060864K
  class space    used 1415K, capacity 1485K, committed 1536K, reserved 1048576K
Event: 157.985 GC heap after
Heap after GC invocations=53 (full 5):
 PSYoungGen      total 56320K, used 28873K [0x00000000edc00000, 0x00000000f3e00000, 0x0000000100000000)
  eden space 21504K, 0% used [0x00000000edc00000,0x00000000edc00000,0x00000000ef100000)
  from space 34816K, 82% used [0x00000000f1600000,0x00000000f32327b0,0x00000000f3800000)
  to   space 37888K, 0% used [0x00000000ef100000,0x00000000ef100000,0x00000000f1600000)
 ParOldGen       total 167424K, used 122485K [0x00000000c9400000, 0x00000000d3780000, 0x00000000edc00000)
  object space 167424K, 73% used [0x00000000c9400000,0x00000000d0b9d5e8,0x00000000d3780000)
 Metaspace       used 12470K, capacity 12656K, committed 12800K, reserved 1060864K
  class space    used 1415K, capacity 1485K, committed 1536K, reserved 1048576K
}
Event: 161.636 GC heap before
{Heap before GC invocations=54 (full 5):
 PSYoungGen      total 56320K, used 50377K [0x00000000edc00000, 0x00000000f3e00000, 0x0000000100000000)
  eden space 21504K, 100% used [0x00000000edc00000,0x00000000ef100000,0x00000000ef100000)
  from space 34816K, 82% used [0x00000000f1600000,0x00000000f32327b0,0x00000000f3800000)
  to   space 37888K, 0% used [0x00000000ef100000,0x00000000ef100000,0x00000000f1600000)
 ParOldGen       total 167424K, used 122485K [0x00000000c9400000, 0x00000000d3780000, 0x00000000edc00000)
  object space 167424K, 73% used [0x00000000c9400000,0x00000000d0b9d5e8,0x00000000d3780000)
 Metaspace       used 12472K, capacity 12656K, committed 12800K, reserved 1060864K
  class space    used 1415K, capacity 1485K, committed 1536K, reserved 1048576K
Event: 161.652 GC heap after
Heap after GC invocations=54 (full 5):
 PSYoungGen      total 59392K, used 34698K [0x00000000edc00000, 0x00000000f4480000, 0x0000000100000000)
  eden space 21504K, 0% used [0x00000000edc00000,0x00000000edc00000,0x00000000ef100000)
  from space 37888K, 91% used [0x00000000ef100000,0x00000000f12e28a0,0x00000000f1600000)
  to   space 41984K, 0% used [0x00000000f1b80000,0x00000000f1b80000,0x00000000f4480000)
 ParOldGen       total 167424K, used 122493K [0x00000000c9400000, 0x00000000d3780000, 0x00000000edc00000)
  object space 167424K, 73% used [0x00000000c9400000,0x00000000d0b9f5e8,0x00000000d3780000)
 Metaspace       used 12472K, capacity 12656K, committed 12800K, reserved 1060864K
  class space    used 1415K, capacity 1485K, committed 1536K, reserved 1048576K
}
Event: 165.360 GC heap before
{Heap before GC invocations=55 (full 5):
 PSYoungGen      total 59392K, used 56202K [0x00000000edc00000, 0x00000000f4480000, 0x0000000100000000)
  eden space 21504K, 100% used [0x00000000edc00000,0x00000000ef100000,0x00000000ef100000)
  from space 37888K, 91% used [0x00000000ef100000,0x00000000f12e28a0,0x00000000f1600000)
  to   space 41984K, 0% used [0x00000000f1b80000,0x00000000f1b80000,0x00000000f4480000)
 ParOldGen       total 167424K, used 122493K [0x00000000c9400000, 0x00000000d3780000, 0x00000000edc00000)
  object space 167424K, 73% used [0x00000000c9400000,0x00000000d0b9f5e8,0x00000000d3780000)
 Metaspace       used 12472K, capacity 12656K, committed 12800K, reserved 1060864K
  class space    used 1415K, capacity 1485K, committed 1536K, reserved 1048576K
Event: 165.383 GC heap after
Heap after GC invocations=55 (full 5):
 PSYoungGen      total 60416K, used 37289K [0x00000000edc00000, 0x00000000f4d80000, 0x0000000100000000)
  eden space 18432K, 0% used [0x00000000edc00000,0x00000000edc00000,0x00000000eee00000)
  from space 41984K, 88% used [0x00000000f1b80000,0x00000000f3fea7e0,0x00000000f4480000)
  to   space 46592K, 0% used [0x00000000eee00000,0x00000000eee00000,0x00000000f1b80000)
 ParOldGen       total 167424K, used 122493K [0x00000000c9400000, 0x00000000d3780000, 0x00000000edc00000)
  object space 167424K, 73% used [0x00000000c9400000,0x00000000d0b9f5e8,0x00000000d3780000)
 Metaspace       used 12472K, capacity 12656K, committed 12800K, reserved 1060864K
  class space    used 1415K, capacity 1485K, committed 1536K, reserved 1048576K
}
Event: 168.315 GC heap before
{Heap before GC invocations=56 (full 5):
 PSYoungGen      total 60416K, used 54858K [0x00000000edc00000, 0x00000000f4d80000, 0x0000000100000000)
  eden space 18432K, 95% used [0x00000000edc00000,0x00000000eed28140,0x00000000eee00000)
  from space 41984K, 88% used [0x00000000f1b80000,0x00000000f3fea7e0,0x00000000f4480000)
  to   space 46592K, 0% used [0x00000000eee00000,0x00000000eee00000,0x00000000f1b80000)
 ParOldGen       total 167424K, used 122493K [0x00000000c9400000, 0x00000000d3780000, 0x00000000edc00000)
  object space 167424K, 73% used [0x00000000c9400000,0x00000000d0b9f5e8,0x00000000d3780000)
 Metaspace       used 12474K, capacity 12656K, committed 12800K, reserved 1060864K
  class space    used 1415K, capacity 1485K, committed 1536K, reserved 1048576K
Event: 168.327 GC heap after
Heap after GC invocations=56 (full 5):
 PSYoungGen      total 65024K, used 41290K [0x00000000edc00000, 0x00000000f5300000, 0x0000000100000000)
  eden space 18432K, 0% used [0x00000000edc00000,0x00000000edc00000,0x00000000eee00000)
  from space 46592K, 88% used [0x00000000eee00000,0x00000000f1652950,0x00000000f1b80000)
  to   space 51200K, 0% used [0x00000000f2100000,0x00000000f2100000,0x00000000f5300000)
 ParOldGen       total 167424K, used 122493K [0x00000000c9400000, 0x00000000d3780000, 0x00000000edc00000)
  object space 167424K, 73% used [0x00000000c9400000,0x00000000d0b9f5e8,0x00000000d3780000)
 Metaspace       used 12474K, capacity 12656K, committed 12800K, reserved 1060864K
  class space    used 1415K, capacity 1485K, committed 1536K, reserved 1048576K
}
Event: 171.370 GC heap before
{Heap before GC invocations=57 (full 5):
 PSYoungGen      total 65024K, used 59722K [0x00000000edc00000, 0x00000000f5300000, 0x0000000100000000)
  eden space 18432K, 100% used [0x00000000edc00000,0x00000000eee00000,0x00000000eee00000)
  from space 46592K, 88% used [0x00000000eee00000,0x00000000f1652950,0x00000000f1b80000)
  to   space 51200K, 0% used [0x00000000f2100000,0x00000000f2100000,0x00000000f5300000)
 ParOldGen       total 167424K, used 122493K [0x00000000c9400000, 0x00000000d3780000, 0x00000000edc00000)
  object space 167424K, 73% used [0x00000000c9400000,0x00000000d0b9f5e8,0x00000000d3780000)
 Metaspace       used 12505K, capacity 12720K, committed 13056K, reserved 1060864K
  class space    used 1415K, capacity 1485K, committed 1536K, reserved 1048576K
Event: 171.384 GC heap after
Heap after GC invocations=57 (full 5):
 PSYoungGen      total 69632K, used 46127K [0x00000000edc00000, 0x00000000f5300000, 0x0000000100000000)
  eden space 18432K, 0% used [0x00000000edc00000,0x00000000edc00000,0x00000000eee00000)
  from space 51200K, 90% used [0x00000000f2100000,0x00000000f4e0bc48,0x00000000f5300000)
  to   space 46592K, 0% used [0x00000000eee00000,0x00000000eee00000,0x00000000f1b80000)
 ParOldGen       total 167424K, used 122501K [0x00000000c9400000, 0x00000000d3780000, 0x00000000edc00000)
  object space 167424K, 73% used [0x00000000c9400000,0x00000000d0ba15e8,0x00000000d3780000)
 Metaspace       used 12505K, capacity 12720K, committed 13056K, reserved 1060864K
  class space    used 1415K, capacity 1485K, committed 1536K, reserved 1048576K
}

