# JRE version: Java(TM) SE Runtime Environment (8.0_231-b11) (build 1.8.0_231-b11)
# Java VM: Java HotSpot(TM) 64-Bit Server VM (25.231-b11 mixed mode windows-amd64 compressed oops)
Heap:
 PSYoungGen      total 16896K, used 6461K [0x00000000edc00000, 0x00000000ef900000, 0x0000000100000000)
  eden space 11264K, 10% used [0x00000000edc00000,0x00000000edd2dc30,0x00000000ee700000)
  from space 5632K, 93% used [0x00000000ee700000,0x00000000eec21818,0x00000000eec80000)
  to   space 9216K, 0% used [0x00000000ef000000,0x00000000ef000000,0x00000000ef900000)
 ParOldGen       total 72704K, used 54336K [0x00000000c9400000, 0x00000000cdb00000, 0x00000000edc00000)
  object space 72704K, 74% used [0x00000000c9400000,0x00000000cc9102f0,0x00000000cdb00000)
 Metaspace       used 10383K, capacity 10570K, committed 10752K, reserved 1058816K
  class space    used 1174K, capacity 1255K, committed 1280K, reserved 1048576K
GC Heap History (10 events):
Event: 166.758 GC heap before
{Heap before GC invocations=35 (full 3):
 PSYoungGen      total 21504K, used 17341K [0x00000000edc00000, 0x00000000efb00000, 0x0000000100000000)
  eden space 11264K, 97% used [0x00000000edc00000,0x00000000ee6b1390,0x00000000ee700000)
  from space 10240K, 62% used [0x00000000ee700000,0x00000000eed3e418,0x00000000ef100000)
  to   space 10240K, 0% used [0x00000000ef100000,0x00000000ef100000,0x00000000efb00000)
 ParOldGen       total 56832K, used 42627K [0x00000000c9400000, 0x00000000ccb80000, 0x00000000edc00000)
  object space 56832K, 75% used [0x00000000c9400000,0x00000000cbda0df8,0x00000000ccb80000)
 Metaspace       used 10341K, capacity 10506K, committed 10752K, reserved 1058816K
  class space    used 1173K, capacity 1255K, committed 1280K, reserved 1048576K
Event: 166.760 GC heap after
Heap after GC invocations=35 (full 3):
 PSYoungGen      total 21504K, used 6586K [0x00000000edc00000, 0x00000000efb00000, 0x0000000100000000)
  eden space 11264K, 0% used [0x00000000edc00000,0x00000000edc00000,0x00000000ee700000)
  from space 10240K, 64% used [0x00000000ef100000,0x00000000ef76e980,0x00000000efb00000)
  to   space 10240K, 0% used [0x00000000ee700000,0x00000000ee700000,0x00000000ef100000)
 ParOldGen       total 56832K, used 46151K [0x00000000c9400000, 0x00000000ccb80000, 0x00000000edc00000)
  object space 56832K, 81% used [0x00000000c9400000,0x00000000cc111e78,0x00000000ccb80000)
 Metaspace       used 10341K, capacity 10506K, committed 10752K, reserved 1058816K
  class space    used 1173K, capacity 1255K, committed 1280K, reserved 1048576K
}
Event: 168.869 GC heap before
{Heap before GC invocations=36 (full 3):
 PSYoungGen      total 21504K, used 17850K [0x00000000edc00000, 0x00000000efb00000, 0x0000000100000000)
  eden space 11264K, 100% used [0x00000000edc00000,0x00000000ee700000,0x00000000ee700000)
  from space 10240K, 64% used [0x00000000ef100000,0x00000000ef76e980,0x00000000efb00000)
  to   space 10240K, 0% used [0x00000000ee700000,0x00000000ee700000,0x00000000ef100000)
 ParOldGen       total 56832K, used 46151K [0x00000000c9400000, 0x00000000ccb80000, 0x00000000edc00000)
  object space 56832K, 81% used [0x00000000c9400000,0x00000000cc111e78,0x00000000ccb80000)
 Metaspace       used 10341K, capacity 10506K, committed 10752K, reserved 1058816K
  class space    used 1173K, capacity 1255K, committed 1280K, reserved 1048576K
Event: 168.874 GC heap after
Heap after GC invocations=36 (full 3):
 PSYoungGen      total 15872K, used 4281K [0x00000000edc00000, 0x00000000efa00000, 0x0000000100000000)
  eden space 11264K, 0% used [0x00000000edc00000,0x00000000edc00000,0x00000000ee700000)
  from space 4608K, 92% used [0x00000000ee700000,0x00000000eeb2e790,0x00000000eeb80000)
  to   space 9728K, 0% used [0x00000000ef080000,0x00000000ef080000,0x00000000efa00000)
 ParOldGen       total 56832K, used 53017K [0x00000000c9400000, 0x00000000ccb80000, 0x00000000edc00000)
  object space 56832K, 93% used [0x00000000c9400000,0x00000000cc7c67d8,0x00000000ccb80000)
 Metaspace       used 10341K, capacity 10506K, committed 10752K, reserved 1058816K
  class space    used 1173K, capacity 1255K, committed 1280K, reserved 1048576K
}
Event: 168.874 GC heap before
{Heap before GC invocations=37 (full 4):
 PSYoungGen      total 15872K, used 4281K [0x00000000edc00000, 0x00000000efa00000, 0x0000000100000000)
  eden space 11264K, 0% used [0x00000000edc00000,0x00000000edc00000,0x00000000ee700000)
  from space 4608K, 92% used [0x00000000ee700000,0x00000000eeb2e790,0x00000000eeb80000)
  to   space 9728K, 0% used [0x00000000ef080000,0x00000000ef080000,0x00000000efa00000)
 ParOldGen       total 56832K, used 53017K [0x00000000c9400000, 0x00000000ccb80000, 0x00000000edc00000)
  object space 56832K, 93% used [0x00000000c9400000,0x00000000cc7c67d8,0x00000000ccb80000)
 Metaspace       used 10341K, capacity 10506K, committed 10752K, reserved 1058816K
  class space    used 1173K, capacity 1255K, committed 1280K, reserved 1048576K
Event: 168.893 GC heap after
Heap after GC invocations=37 (full 4):
 PSYoungGen      total 15872K, used 0K [0x00000000edc00000, 0x00000000efa00000, 0x0000000100000000)
  eden space 11264K, 0% used [0x00000000edc00000,0x00000000edc00000,0x00000000ee700000)
  from space 4608K, 0% used [0x00000000ee700000,0x00000000ee700000,0x00000000eeb80000)
  to   space 9728K, 0% used [0x00000000ef080000,0x00000000ef080000,0x00000000efa00000)
 ParOldGen       total 72704K, used 50176K [0x00000000c9400000, 0x00000000cdb00000, 0x00000000edc00000)
  object space 72704K, 69% used [0x00000000c9400000,0x00000000cc500190,0x00000000cdb00000)
 Metaspace       used 10341K, capacity 10506K, committed 10752K, reserved 1058816K
  class space    used 1173K, capacity 1255K, committed 1280K, reserved 1048576K
}
Event: 170.534 GC heap before
{Heap before GC invocations=38 (full 4):
 PSYoungGen      total 15872K, used 11264K [0x00000000edc00000, 0x00000000efa00000, 0x0000000100000000)
  eden space 11264K, 100% used [0x00000000edc00000,0x00000000ee700000,0x00000000ee700000)
  from space 4608K, 0% used [0x00000000ee700000,0x00000000ee700000,0x00000000eeb80000)
  to   space 9728K, 0% used [0x00000000ef080000,0x00000000ef080000,0x00000000efa00000)
 ParOldGen       total 72704K, used 50176K [0x00000000c9400000, 0x00000000cdb00000, 0x00000000edc00000)
  object space 72704K, 69% used [0x00000000c9400000,0x00000000cc500190,0x00000000cdb00000)
 Metaspace       used 10357K, capacity 10506K, committed 10752K, reserved 1058816K
  class space    used 1173K, capacity 1255K, committed 1280K, reserved 1048576K
Event: 170.536 GC heap after
Heap after GC invocations=38 (full 4):
 PSYoungGen      total 20992K, used 5177K [0x00000000edc00000, 0x00000000efa00000, 0x0000000100000000)
  eden space 11264K, 0% used [0x00000000edc00000,0x00000000edc00000,0x00000000ee700000)
  from space 9728K, 53% used [0x00000000ef080000,0x00000000ef58e750,0x00000000efa00000)
  to   space 9728K, 0% used [0x00000000ee700000,0x00000000ee700000,0x00000000ef080000)
 ParOldGen       total 72704K, used 50176K [0x00000000c9400000, 0x00000000cdb00000, 0x00000000edc00000)
  object space 72704K, 69% used [0x00000000c9400000,0x00000000cc500190,0x00000000cdb00000)
 Metaspace       used 10357K, capacity 10506K, committed 10752K, reserved 1058816K
  class space    used 1173K, capacity 1255K, committed 1280K, reserved 1048576K
}
Event: 171.657 GC heap before
{Heap before GC invocations=39 (full 4):
 PSYoungGen      total 20992K, used 16007K [0x00000000edc00000, 0x00000000efa00000, 0x0000000100000000)
  eden space 11264K, 96% used [0x00000000edc00000,0x00000000ee693848,0x00000000ee700000)
  from space 9728K, 53% used [0x00000000ef080000,0x00000000ef58e750,0x00000000efa00000)
  to   space 9728K, 0% used [0x00000000ee700000,0x00000000ee700000,0x00000000ef080000)
 ParOldGen       total 72704K, used 50176K [0x00000000c9400000, 0x00000000cdb00000, 0x00000000edc00000)
  object space 72704K, 69% used [0x00000000c9400000,0x00000000cc500190,0x00000000cdb00000)
 Metaspace       used 10373K, capacity 10570K, committed 10752K, reserved 1058816K
  class space    used 1174K, capacity 1255K, committed 1280K, reserved 1048576K
Event: 171.661 GC heap after
Heap after GC invocations=39 (full 4):
 PSYoungGen      total 16896K, used 5254K [0x00000000edc00000, 0x00000000ef900000, 0x0000000100000000)
  eden space 11264K, 0% used [0x00000000edc00000,0x00000000edc00000,0x00000000ee700000)
  from space 5632K, 93% used [0x00000000ee700000,0x00000000eec21818,0x00000000eec80000)
  to   space 9216K, 0% used [0x00000000ef000000,0x00000000ef000000,0x00000000ef900000)
 ParOldGen       total 72704K, used 54336K [0x00000000c9400000, 0x00000000cdb00000, 0x00000000edc00000)
  object space 72704K, 74% used [0x00000000c9400000,0x00000000cc9102f0,0x00000000cdb00000)
 Metaspace       used 10373K, capacity 10570K, committed 10752K, reserved 1058816K
  class space    used 1174K, capacity 1255K, committed 1280K, reserved 1048576K
}

